# JRE version: Java(TM) SE Runtime Environment (19.0.2+7) (build 19.0.2+7-44)
# Java VM: Java HotSpot(TM) 64-Bit Server VM (19.0.2+7-44, mixed mode, sharing, tiered, compressed oops, compressed class ptrs, g1 gc, windows-amd64)
GC Precious Log:
 CardTable entry size: 512
 Card Set container configuration: InlinePtr #cards 4 size 8 Array Of Cards #cards 16 size 48 Howl #buckets 8 coarsen threshold 3686 Howl Bitmap #cards 512 size 80 coarsen threshold 460 Card regions per heap region 1 cards per card region 4096
 CPUs: 4 total, 4 available
 Memory: 14266M
 Large Page Support: Disabled
 NUMA Support: Disabled
 Compressed Oops: Enabled (Zero based)
 Heap Region Size: 2M
 Heap Min Capacity: 8M
 Heap Initial Capacity: 224M
 Heap Max Capacity: 3568M
 Pre-touch: Disabled
 Parallel Workers: 4
 Concurrent Workers: 1
 Concurrent Refinement Workers: 4
 Periodic GC: Disabled
Heap:
 garbage-first heap   total 102400K, used 60242K [0x0000000721000000, 0x0000000800000000)
  region size 2048K, 20 young (40960K), 3 survivors (6144K)
 Metaspace       used 63635K, committed 64192K, reserved 1114112K
  class space    used 8285K, committed 8576K, reserved 1048576K
GC Heap History (20 events):
Event: 4.145 GC heap before
{Heap before GC invocations=5 (full 0):
 garbage-first heap   total 61440K, used 43351K [0x0000000721000000, 0x0000000800000000)
  region size 2048K, 18 young (36864K), 4 survivors (8192K)
 Metaspace       used 26062K, committed 26496K, reserved 1114112K
  class space    used 3221K, committed 3456K, reserved 1048576K
}
Event: 4.155 GC heap after
{Heap after GC invocations=6 (full 0):
 garbage-first heap   total 61440K, used 17100K [0x0000000721000000, 0x0000000800000000)
  region size 2048K, 2 young (4096K), 2 survivors (4096K)
 Metaspace       used 26062K, committed 26496K, reserved 1114112K
  class space    used 3221K, committed 3456K, reserved 1048576K
}
Event: 4.205 GC heap before
{Heap before GC invocations=6 (full 0):
 garbage-first heap   total 61440K, used 19148K [0x0000000721000000, 0x0000000800000000)
  region size 2048K, 3 young (6144K), 2 survivors (4096K)
 Metaspace       used 26590K, committed 27008K, reserved 1114112K
  class space    used 3276K, committed 3456K, reserved 1048576K
}
Event: 4.211 GC heap after
{Heap after GC invocations=7 (full 0):
 garbage-first heap   total 61440K, used 18005K [0x0000000721000000, 0x0000000800000000)
  region size 2048K, 1 young (2048K), 1 survivors (2048K)
 Metaspace       used 26590K, committed 27008K, reserved 1114112K
  class space    used 3276K, committed 3456K, reserved 1048576K
}
Event: 4.829 GC heap before
{Heap before GC invocations=7 (full 0):
 garbage-first heap   total 61440K, used 38485K [0x0000000721000000, 0x0000000800000000)
  region size 2048K, 12 young (24576K), 1 survivors (2048K)
 Metaspace       used 31008K, committed 31488K, reserved 1114112K
  class space    used 3807K, committed 4032K, reserved 1048576K
}
Event: 4.834 GC heap after
{Heap after GC invocations=8 (full 0):
 garbage-first heap   total 61440K, used 20165K [0x0000000721000000, 0x0000000800000000)
  region size 2048K, 2 young (4096K), 2 survivors (4096K)
 Metaspace       used 31008K, committed 31488K, reserved 1114112K
  class space    used 3807K, committed 4032K, reserved 1048576K
}
Event: 5.703 GC heap before
{Heap before GC invocations=8 (full 0):
 garbage-first heap   total 61440K, used 40645K [0x0000000721000000, 0x0000000800000000)
  region size 2048K, 13 young (26624K), 2 survivors (4096K)
 Metaspace       used 35526K, committed 35968K, reserved 1114112K
  class space    used 4463K, committed 4672K, reserved 1048576K
}
Event: 5.709 GC heap after
{Heap after GC invocations=9 (full 0):
 garbage-first heap   total 61440K, used 21107K [0x0000000721000000, 0x0000000800000000)
  region size 2048K, 1 young (2048K), 1 survivors (2048K)
 Metaspace       used 35526K, committed 35968K, reserved 1114112K
  class space    used 4463K, committed 4672K, reserved 1048576K
}
Event: 6.528 GC heap before
{Heap before GC invocations=10 (full 0):
 garbage-first heap   total 61440K, used 45683K [0x0000000721000000, 0x0000000800000000)
  region size 2048K, 13 young (26624K), 1 survivors (2048K)
 Metaspace       used 42022K, committed 42560K, reserved 1114112K
  class space    used 5308K, committed 5568K, reserved 1048576K
}
Event: 6.533 GC heap after
{Heap after GC invocations=11 (full 0):
 garbage-first heap   total 61440K, used 22685K [0x0000000721000000, 0x0000000800000000)
  region size 2048K, 2 young (4096K), 2 survivors (4096K)
 Metaspace       used 42022K, committed 42560K, reserved 1114112K
  class space    used 5308K, committed 5568K, reserved 1048576K
}
Event: 6.595 GC heap before
{Heap before GC invocations=11 (full 0):
 garbage-first heap   total 61440K, used 24733K [0x0000000721000000, 0x0000000800000000)
  region size 2048K, 3 young (6144K), 2 survivors (4096K)
 Metaspace       used 42271K, committed 42752K, reserved 1114112K
  class space    used 5343K, committed 5568K, reserved 1048576K
}
Event: 6.603 GC heap after
{Heap after GC invocations=12 (full 0):
 garbage-first heap   total 61440K, used 22264K [0x0000000721000000, 0x0000000800000000)
  region size 2048K, 1 young (2048K), 1 survivors (2048K)
 Metaspace       used 42271K, committed 42752K, reserved 1114112K
  class space    used 5343K, committed 5568K, reserved 1048576K
}
Event: 7.194 GC heap before
{Heap before GC invocations=12 (full 0):
 garbage-first heap   total 61440K, used 42744K [0x0000000721000000, 0x0000000800000000)
  region size 2048K, 12 young (24576K), 1 survivors (2048K)
 Metaspace       used 48021K, committed 48512K, reserved 1114112K
  class space    used 6152K, committed 6400K, reserved 1048576K
}
Event: 7.202 GC heap after
{Heap after GC invocations=13 (full 0):
 garbage-first heap   total 61440K, used 23175K [0x0000000721000000, 0x0000000800000000)
  region size 2048K, 1 young (2048K), 1 survivors (2048K)
 Metaspace       used 48021K, committed 48512K, reserved 1114112K
  class space    used 6152K, committed 6400K, reserved 1048576K
}
Event: 9.835 GC heap before
{Heap before GC invocations=13 (full 0):
 garbage-first heap   total 61440K, used 45703K [0x0000000721000000, 0x0000000800000000)
  region size 2048K, 12 young (24576K), 1 survivors (2048K)
 Metaspace       used 52530K, committed 53056K, reserved 1114112K
  class space    used 6851K, committed 7104K, reserved 1048576K
}
Event: 9.840 GC heap after
{Heap after GC invocations=14 (full 0):
 garbage-first heap   total 102400K, used 24247K [0x0000000721000000, 0x0000000800000000)
  region size 2048K, 2 young (4096K), 2 survivors (4096K)
 Metaspace       used 52530K, committed 53056K, reserved 1114112K
  class space    used 6851K, committed 7104K, reserved 1048576K
}
Event: 13.692 GC heap before
{Heap before GC invocations=14 (full 0):
 garbage-first heap   total 102400K, used 79543K [0x0000000721000000, 0x0000000800000000)
  region size 2048K, 29 young (59392K), 2 survivors (4096K)
 Metaspace       used 59675K, committed 60288K, reserved 1114112K
  class space    used 7690K, committed 8000K, reserved 1048576K
}
Event: 13.698 GC heap after
{Heap after GC invocations=15 (full 0):
 garbage-first heap   total 102400K, used 27234K [0x0000000721000000, 0x0000000800000000)
  region size 2048K, 3 young (6144K), 3 survivors (6144K)
 Metaspace       used 59675K, committed 60288K, reserved 1114112K
  class space    used 7690K, committed 8000K, reserved 1048576K
}
Event: 13.782 GC heap before
{Heap before GC invocations=15 (full 0):
 garbage-first heap   total 102400K, used 33378K [0x0000000721000000, 0x0000000800000000)
  region size 2048K, 7 young (14336K), 3 survivors (6144K)
 Metaspace       used 59871K, committed 60416K, reserved 1114112K
  class space    used 7708K, committed 8000K, reserved 1048576K
}
Event: 13.787 GC heap after
{Heap after GC invocations=16 (full 0):
 garbage-first heap   total 102400K, used 27474K [0x0000000721000000, 0x0000000800000000)
  region size 2048K, 3 young (6144K), 3 survivors (6144K)
 Metaspace       used 59871K, committed 60416K, reserved 1114112K
  class space    used 7708K, committed 8000K, reserved 1048576K
}

